<?xml version="1.0" encoding="UTF-8"?>
<!-- Generated by org.testng.reporters.JUnitXMLReporter -->
<testsuite ignored="0" hostname="DESKTOP-U3O82I7" failures="0" tests="2" name="FirefoxTest(failed)" time="27.892" errors="0" timestamp="2022-04-13T08:03:49 IST">
  <testcase classname="com.Kite.TestClass.TC_01_LoginFunctionality" name="validateLoginFuncyionality" time="17.418"/>
  <testcase classname="com.Kite.TestClass.TC_01_LoginFunctionality" name="validateTFAFunctionality" time="10.413"/>
</testsuite> <!-- FirefoxTest(failed) -->
