<?xml version="1.0" encoding="UTF-8"?>
<!-- Generated by org.testng.reporters.JUnitXMLReporter -->
<testsuite ignored="0" hostname="DESKTOP-U3O82I7" failures="0" tests="2" name="Default test" time="26.7" errors="0" timestamp="2022-04-12T19:49:51 IST">
  <testcase classname="com.Kite.TestClass.TC_01_LoginFunctionality" name="validateLoginFuncyionality" time="15.87"/>
  <testcase classname="com.Kite.TestClass.TC_01_LoginFunctionality" name="validateTFAFunctionality" time="10.726"/>
</testsuite> <!-- Default test -->
