<?xml version="1.0" encoding="UTF-8"?>
<testng-results ignored="0" total="2" passed="2" failed="0" skipped="0">
  <reporter-output>
  </reporter-output>
  <suite started-at="2022-04-13T08:03:21 IST" name="Failed suite [HP]" finished-at="2022-04-13T08:03:49 IST" duration-ms="27892">
    <groups>
    </groups>
    <test started-at="2022-04-13T08:03:21 IST" name="FirefoxTest(failed)" finished-at="2022-04-13T08:03:49 IST" duration-ms="27892">
      <class name="com.Kite.TestClass.TC_01_LoginFunctionality">
        <test-method signature="validateLoginFuncyionality()[pri:0, instance:com.Kite.TestClass.TC_01_LoginFunctionality@481a996b]" started-at="2022-04-13T08:03:21 IST" name="validateLoginFuncyionality" finished-at="2022-04-13T08:03:39 IST" duration-ms="17418" status="PASS">
          <reporter-output>
          </reporter-output>
        </test-method> <!-- validateLoginFuncyionality -->
        <test-method signature="validateTFAFunctionality()[pri:0, instance:com.Kite.TestClass.TC_01_LoginFunctionality@481a996b]" started-at="2022-04-13T08:03:39 IST" name="validateTFAFunctionality" finished-at="2022-04-13T08:03:49 IST" duration-ms="10413" status="PASS">
          <reporter-output>
          </reporter-output>
        </test-method> <!-- validateTFAFunctionality -->
      </class> <!-- com.Kite.TestClass.TC_01_LoginFunctionality -->
    </test> <!-- FirefoxTest(failed) -->
  </suite> <!-- Failed suite [HP] -->
</testng-results>
